[2025-09-14 21:12:39,101] Collected 17 article URLs so far (page 1/182)
[2025-09-14 21:12:41,653] Collected 35 article URLs so far (page 2/182)
[2025-09-14 21:12:44,507] Collected 52 article URLs so far (page 3/182)
[2025-09-14 21:12:47,149] Collected 70 article URLs so far (page 4/182)
[2025-09-14 21:12:49,844] Collected 87 article URLs so far (page 5/182)
[2025-09-14 21:12:52,682] Collected 105 article URLs so far (page 6/182)
[2025-09-14 21:12:55,166] Collected 122 article URLs so far (page 7/182)
[2025-09-14 21:12:57,970] Collected 140 article URLs so far (page 8/182)
[2025-09-14 21:13:00,560] Collected 157 article URLs so far (page 9/182)
[2025-09-14 21:13:03,133] Collected 175 article URLs so far (page 10/182)
[2025-09-14 21:13:06,110] Collected 192 article URLs so far (page 11/182)
[2025-09-14 21:13:08,803] Collected 210 article URLs so far (page 12/182)
[2025-09-14 21:13:11,424] Collected 227 article URLs so far (page 13/182)
[2025-09-14 21:13:14,223] Collected 245 article URLs so far (page 14/182)
[2025-09-14 21:13:16,872] Collected 262 article URLs so far (page 15/182)
[2025-09-14 21:13:19,658] Collected 280 article URLs so far (page 16/182)
[2025-09-14 21:13:22,763] Collected 297 article URLs so far (page 17/182)
[2025-09-14 21:13:25,335] Collected 314 article URLs so far (page 18/182)
[2025-09-14 21:13:28,014] Collected 331 article URLs so far (page 19/182)
[2025-09-14 21:13:30,826] Collected 349 article URLs so far (page 20/182)
[2025-09-14 21:13:33,534] Collected 366 article URLs so far (page 21/182)
[2025-09-14 21:13:36,172] Collected 384 article URLs so far (page 22/182)
[2025-09-14 21:13:38,965] Collected 401 article URLs so far (page 23/182)
[2025-09-14 21:13:42,080] Collected 419 article URLs so far (page 24/182)
[2025-09-14 21:13:44,628] Collected 436 article URLs so far (page 25/182)
[2025-09-14 21:13:47,113] Collected 454 article URLs so far (page 26/182)
[2025-09-14 21:13:49,898] Collected 471 article URLs so far (page 27/182)
[2025-09-14 21:13:52,598] Collected 489 article URLs so far (page 28/182)
[2025-09-14 21:13:55,676] Collected 507 article URLs so far (page 29/182)
[2025-09-14 21:13:58,312] Collected 524 article URLs so far (page 30/182)
[2025-09-14 21:14:00,854] Collected 542 article URLs so far (page 31/182)
[2025-09-14 21:14:03,343] Collected 559 article URLs so far (page 32/182)
[2025-09-14 21:14:05,813] Collected 577 article URLs so far (page 33/182)
[2025-09-14 21:14:08,596] Collected 594 article URLs so far (page 34/182)
[2025-09-14 21:14:11,217] Collected 612 article URLs so far (page 35/182)
[2025-09-14 21:14:13,739] Collected 629 article URLs so far (page 36/182)
[2025-09-14 21:14:16,252] Collected 647 article URLs so far (page 37/182)
[2025-09-14 21:14:19,190] Collected 664 article URLs so far (page 38/182)
[2025-09-14 21:14:21,893] Collected 682 article URLs so far (page 39/182)
[2025-09-14 21:14:24,531] Collected 699 article URLs so far (page 40/182)
[2025-09-14 21:14:27,332] Collected 717 article URLs so far (page 41/182)
[2025-09-14 21:14:30,449] Collected 734 article URLs so far (page 42/182)
[2025-09-14 21:14:32,951] Collected 751 article URLs so far (page 43/182)
[2025-09-14 21:14:35,613] Collected 768 article URLs so far (page 44/182)
[2025-09-14 21:14:38,305] Collected 786 article URLs so far (page 45/182)
[2025-09-14 21:14:40,878] Collected 803 article URLs so far (page 46/182)
[2025-09-14 21:14:43,589] Collected 821 article URLs so far (page 47/182)
[2025-09-14 21:14:46,434] Collected 838 article URLs so far (page 48/182)
[2025-09-14 21:14:49,474] Collected 856 article URLs so far (page 49/182)
[2025-09-14 21:14:52,682] Collected 873 article URLs so far (page 50/182)
[2025-09-14 21:14:55,491] Collected 891 article URLs so far (page 51/182)
[2025-09-14 21:14:58,350] Collected 908 article URLs so far (page 52/182)
[2025-09-14 21:15:01,217] Collected 926 article URLs so far (page 53/182)
[2025-09-14 21:15:04,011] Collected 943 article URLs so far (page 54/182)
[2025-09-14 21:15:07,053] Collected 961 article URLs so far (page 55/182)
[2025-09-14 21:15:10,170] Collected 971 article URLs so far (page 56/182)
[2025-09-14 21:15:13,039] Collected 971 article URLs so far (page 57/182)
[2025-09-14 21:15:15,621] Collected 971 article URLs so far (page 58/182)
[2025-09-14 21:15:18,189] Collected 971 article URLs so far (page 59/182)
[2025-09-14 21:15:20,827] Collected 971 article URLs so far (page 60/182)
[2025-09-14 21:15:23,377] Collected 971 article URLs so far (page 61/182)
[2025-09-14 21:15:25,919] Collected 971 article URLs so far (page 62/182)
[2025-09-14 21:15:28,476] Collected 971 article URLs so far (page 63/182)
[2025-09-14 21:15:31,004] Collected 971 article URLs so far (page 64/182)
[2025-09-14 21:15:33,533] Collected 971 article URLs so far (page 65/182)
[2025-09-14 21:15:36,028] Collected 971 article URLs so far (page 66/182)
[2025-09-14 21:15:38,573] Collected 971 article URLs so far (page 67/182)
[2025-09-14 21:15:41,056] Collected 971 article URLs so far (page 68/182)
[2025-09-14 21:15:43,566] Collected 971 article URLs so far (page 69/182)
[2025-09-14 21:15:46,114] Collected 971 article URLs so far (page 70/182)
[2025-09-14 21:15:48,588] Collected 971 article URLs so far (page 71/182)
[2025-09-14 21:15:51,291] Collected 971 article URLs so far (page 72/182)
[2025-09-14 21:15:53,786] Collected 971 article URLs so far (page 73/182)
[2025-09-14 21:15:56,535] Collected 971 article URLs so far (page 74/182)
[2025-09-14 21:15:59,091] Collected 971 article URLs so far (page 75/182)
[2025-09-14 21:16:01,935] Collected 971 article URLs so far (page 76/182)
[2025-09-14 21:16:04,718] Collected 971 article URLs so far (page 77/182)
[2025-09-14 21:16:07,454] Collected 971 article URLs so far (page 78/182)
[2025-09-14 21:16:10,294] Collected 971 article URLs so far (page 79/182)
[2025-09-14 21:16:13,186] Collected 971 article URLs so far (page 80/182)
[2025-09-14 21:16:16,124] Collected 971 article URLs so far (page 81/182)
[2025-09-14 21:16:18,837] Collected 971 article URLs so far (page 82/182)
[2025-09-14 21:16:21,312] Collected 971 article URLs so far (page 83/182)
[2025-09-14 21:16:23,779] Collected 971 article URLs so far (page 84/182)
[2025-09-14 21:16:26,344] Collected 971 article URLs so far (page 85/182)
[2025-09-14 21:16:28,974] Collected 971 article URLs so far (page 86/182)
[2025-09-14 21:16:31,540] Collected 971 article URLs so far (page 87/182)
[2025-09-14 21:16:34,115] Collected 971 article URLs so far (page 88/182)
[2025-09-14 21:16:36,722] Collected 971 article URLs so far (page 89/182)
[2025-09-14 21:16:39,351] Collected 971 article URLs so far (page 90/182)
[2025-09-14 21:16:42,026] Collected 971 article URLs so far (page 91/182)
[2025-09-14 21:16:44,772] Collected 971 article URLs so far (page 92/182)
[2025-09-14 21:16:47,457] Collected 971 article URLs so far (page 93/182)
[2025-09-14 21:16:50,194] Collected 971 article URLs so far (page 94/182)
[2025-09-14 21:16:52,960] Collected 971 article URLs so far (page 95/182)
[2025-09-14 21:16:55,727] Collected 971 article URLs so far (page 96/182)
[2025-09-14 21:16:58,499] Collected 971 article URLs so far (page 97/182)
[2025-09-14 21:17:01,421] Collected 971 article URLs so far (page 98/182)
[2025-09-14 21:17:04,191] Collected 971 article URLs so far (page 99/182)
[2025-09-14 21:17:06,659] Collected 971 article URLs so far (page 100/182)
[2025-09-14 21:17:09,177] Collected 971 article URLs so far (page 101/182)
[2025-09-14 21:17:11,691] Collected 971 article URLs so far (page 102/182)
[2025-09-14 21:17:14,154] Collected 971 article URLs so far (page 103/182)
[2025-09-14 21:17:16,654] Collected 971 article URLs so far (page 104/182)
[2025-09-14 21:17:19,192] Collected 971 article URLs so far (page 105/182)
[2025-09-14 21:17:21,690] Collected 971 article URLs so far (page 106/182)
[2025-09-14 21:17:24,193] Collected 971 article URLs so far (page 107/182)
[2025-09-14 21:17:26,838] Collected 971 article URLs so far (page 108/182)
[2025-09-14 21:17:29,684] Collected 971 article URLs so far (page 109/182)
[2025-09-14 21:17:32,517] Collected 971 article URLs so far (page 110/182)
[2025-09-14 21:17:35,539] Collected 971 article URLs so far (page 111/182)
[2025-09-14 21:17:38,286] Collected 971 article URLs so far (page 112/182)
[2025-09-14 21:17:40,822] Collected 971 article URLs so far (page 113/182)
[2025-09-14 21:17:43,380] Collected 971 article URLs so far (page 114/182)
[2025-09-14 21:17:46,005] Collected 971 article URLs so far (page 115/182)
[2025-09-14 21:17:48,760] Collected 971 article URLs so far (page 116/182)
[2025-09-14 21:17:51,446] Collected 971 article URLs so far (page 117/182)
[2025-09-14 21:17:54,166] Collected 971 article URLs so far (page 118/182)
[2025-09-14 21:17:56,958] Collected 971 article URLs so far (page 119/182)
[2025-09-14 21:17:59,715] Collected 971 article URLs so far (page 120/182)
[2025-09-14 21:18:02,508] Collected 971 article URLs so far (page 121/182)
[2025-09-14 21:18:05,346] Collected 971 article URLs so far (page 122/182)
[2025-09-14 21:18:08,243] Collected 971 article URLs so far (page 123/182)
[2025-09-14 21:18:11,006] Collected 971 article URLs so far (page 124/182)
[2025-09-14 21:18:13,906] Collected 971 article URLs so far (page 125/182)
[2025-09-14 21:18:16,631] Collected 971 article URLs so far (page 126/182)
[2025-09-14 21:18:19,406] Collected 971 article URLs so far (page 127/182)
[2025-09-14 21:18:22,139] Collected 971 article URLs so far (page 128/182)
[2025-09-14 21:18:25,055] Collected 971 article URLs so far (page 129/182)
[2025-09-14 21:18:27,860] Collected 971 article URLs so far (page 130/182)
[2025-09-14 21:18:30,530] Collected 971 article URLs so far (page 131/182)
[2025-09-14 21:18:33,032] Collected 971 article URLs so far (page 132/182)
[2025-09-14 21:18:35,755] Collected 971 article URLs so far (page 133/182)
[2025-09-14 21:18:38,268] Collected 971 article URLs so far (page 134/182)
[2025-09-14 21:18:41,397] Collected 971 article URLs so far (page 135/182)
[2025-09-14 21:18:44,056] Collected 971 article URLs so far (page 136/182)
[2025-09-14 21:18:46,577] Collected 971 article URLs so far (page 137/182)
[2025-09-14 21:18:49,245] Collected 971 article URLs so far (page 138/182)
[2025-09-14 21:18:51,762] Collected 971 article URLs so far (page 139/182)
[2025-09-14 21:18:54,297] Collected 971 article URLs so far (page 140/182)
[2025-09-14 21:18:56,839] Collected 971 article URLs so far (page 141/182)
[2025-09-14 21:18:59,533] Collected 971 article URLs so far (page 142/182)
[2025-09-14 21:19:02,251] Collected 971 article URLs so far (page 143/182)
[2025-09-14 21:19:04,883] Collected 971 article URLs so far (page 144/182)
[2025-09-14 21:19:07,410] Collected 971 article URLs so far (page 145/182)
[2025-09-14 21:19:10,083] Collected 971 article URLs so far (page 146/182)
[2025-09-14 21:19:12,584] Collected 971 article URLs so far (page 147/182)
[2025-09-14 21:19:15,064] Collected 971 article URLs so far (page 148/182)
[2025-09-14 21:19:17,566] Collected 971 article URLs so far (page 149/182)
[2025-09-14 21:19:20,144] Collected 971 article URLs so far (page 150/182)
[2025-09-14 21:19:22,650] Collected 971 article URLs so far (page 151/182)
[2025-09-14 21:19:25,166] Collected 971 article URLs so far (page 152/182)
[2025-09-14 21:19:27,824] Collected 971 article URLs so far (page 153/182)
[2025-09-14 21:19:30,451] Collected 971 article URLs so far (page 154/182)
[2025-09-14 21:19:33,036] Collected 971 article URLs so far (page 155/182)
[2025-09-14 21:19:35,675] Collected 971 article URLs so far (page 156/182)
[2025-09-14 21:19:38,420] Collected 971 article URLs so far (page 157/182)
[2025-09-14 21:19:41,154] Collected 971 article URLs so far (page 158/182)
[2025-09-14 21:19:43,838] Collected 971 article URLs so far (page 159/182)
[2025-09-14 21:19:46,315] Collected 971 article URLs so far (page 160/182)
[2025-09-14 21:19:49,058] Collected 971 article URLs so far (page 161/182)
[2025-09-14 21:19:51,552] Collected 971 article URLs so far (page 162/182)
[2025-09-14 21:19:54,042] Collected 971 article URLs so far (page 163/182)
[2025-09-14 21:19:56,822] Collected 971 article URLs so far (page 164/182)
[2025-09-14 21:19:59,897] Collected 971 article URLs so far (page 165/182)
[2025-09-14 21:20:02,599] Collected 971 article URLs so far (page 166/182)
[2025-09-14 21:20:05,301] Collected 971 article URLs so far (page 167/182)
[2025-09-14 21:20:07,743] Collected 971 article URLs so far (page 168/182)
[2025-09-14 21:20:10,203] Collected 971 article URLs so far (page 169/182)
[2025-09-14 21:20:12,759] Collected 971 article URLs so far (page 170/182)
[2025-09-14 21:20:15,244] Collected 971 article URLs so far (page 171/182)
[2025-09-14 21:20:17,733] Collected 971 article URLs so far (page 172/182)
[2025-09-14 21:20:20,274] Collected 971 article URLs so far (page 173/182)
[2025-09-14 21:20:22,766] Collected 971 article URLs so far (page 174/182)
[2025-09-14 21:20:25,273] Collected 971 article URLs so far (page 175/182)
[2025-09-14 21:20:27,753] Collected 971 article URLs so far (page 176/182)
[2025-09-14 21:20:30,347] Collected 971 article URLs so far (page 177/182)
[2025-09-14 21:20:32,849] Collected 971 article URLs so far (page 178/182)
[2025-09-14 21:20:35,363] Collected 971 article URLs so far (page 179/182)
[2025-09-14 21:20:37,887] Collected 971 article URLs so far (page 180/182)
[2025-09-14 21:20:40,514] Collected 971 article URLs so far (page 181/182)
[2025-09-14 21:20:43,019] Collected 971 article URLs so far (page 182/182)
[2025-09-14 21:20:43,215] Found 971 article URLs. Starting download...
[2025-09-14 21:20:51,170] NO ARTICLE or too short for: https://www.intouch.org/read/articles/a-bridge-to-restoration
[2025-09-14 21:20:59,745] NO ARTICLE or too short for: https://www.intouch.org/read/articles/a-bright-forecast
[2025-09-14 21:21:07,133] Future exception was never retrieved
future: <Future finished exception=TargetClosedError('Target page, context or browser has been closed')>
playwright._impl._errors.TargetClosedError: Target page, context or browser has been closed
[2025-09-14 21:21:07,134] Future exception was never retrieved
future: <Future finished exception=TargetClosedError('Target page, context or browser has been closed')>
playwright._impl._errors.TargetClosedError: Target page, context or browser has been closed
[2025-09-14 21:25:43,460] Collected 17 article URLs so far (page 1/182)
[2025-09-14 21:25:46,640] Collected 35 article URLs so far (page 2/182)
[2025-09-14 21:25:49,672] Collected 52 article URLs so far (page 3/182)
[2025-09-14 21:25:52,639] Collected 70 article URLs so far (page 4/182)
[2025-09-14 21:25:55,680] Collected 87 article URLs so far (page 5/182)
[2025-09-14 21:25:58,951] Collected 105 article URLs so far (page 6/182)
[2025-09-14 21:26:01,961] Collected 122 article URLs so far (page 7/182)
[2025-09-14 21:26:05,110] Collected 140 article URLs so far (page 8/182)
[2025-09-14 21:26:08,065] Collected 157 article URLs so far (page 9/182)
[2025-09-14 21:26:11,061] Collected 175 article URLs so far (page 10/182)
[2025-09-14 21:26:14,258] Collected 192 article URLs so far (page 11/182)
[2025-09-14 21:26:17,262] Collected 210 article URLs so far (page 12/182)
[2025-09-14 21:26:20,268] Collected 227 article URLs so far (page 13/182)
[2025-09-14 21:26:23,515] Collected 245 article URLs so far (page 14/182)
[2025-09-14 21:26:29,063] Collected 262 article URLs so far (page 15/182)
[2025-09-14 21:26:32,564] Collected 280 article URLs so far (page 16/182)
[2025-09-14 21:26:36,516] Collected 297 article URLs so far (page 17/182)
[2025-09-14 21:26:39,567] Collected 314 article URLs so far (page 18/182)
[2025-09-14 21:26:42,665] Collected 331 article URLs so far (page 19/182)
[2025-09-14 21:26:46,150] Collected 349 article URLs so far (page 20/182)
[2025-09-14 21:26:50,059] Collected 366 article URLs so far (page 21/182)
[2025-09-14 21:26:53,109] Collected 384 article URLs so far (page 22/182)
[2025-09-14 21:26:56,185] Collected 401 article URLs so far (page 23/182)
[2025-09-14 21:26:59,232] Collected 419 article URLs so far (page 24/182)
[2025-09-14 21:27:02,355] Collected 436 article URLs so far (page 25/182)
[2025-09-14 21:27:05,622] Collected 454 article URLs so far (page 26/182)
[2025-09-14 21:27:08,947] Collected 471 article URLs so far (page 27/182)
[2025-09-14 21:27:12,052] Collected 489 article URLs so far (page 28/182)
[2025-09-14 21:27:15,640] Collected 507 article URLs so far (page 29/182)
[2025-09-14 21:27:21,063] Collected 524 article URLs so far (page 30/182)
[2025-09-14 21:27:27,165] Collected 542 article URLs so far (page 31/182)
[2025-09-14 21:27:32,129] Collected 559 article URLs so far (page 32/182)
[2025-09-14 21:27:35,498] Collected 577 article URLs so far (page 33/182)
[2025-09-14 21:27:38,607] Collected 594 article URLs so far (page 34/182)
[2025-09-14 21:27:41,778] Collected 612 article URLs so far (page 35/182)
[2025-09-14 21:27:44,749] Collected 629 article URLs so far (page 36/182)
[2025-09-14 21:27:47,813] Collected 647 article URLs so far (page 37/182)
[2025-09-14 21:27:50,765] Collected 664 article URLs so far (page 38/182)
[2025-09-14 21:27:53,765] Collected 682 article URLs so far (page 39/182)
[2025-09-14 21:27:56,795] Collected 699 article URLs so far (page 40/182)
[2025-09-14 21:28:00,549] Collected 717 article URLs so far (page 41/182)
[2025-09-14 21:28:04,296] Collected 734 article URLs so far (page 42/182)
[2025-09-14 21:28:08,298] Collected 751 article URLs so far (page 43/182)
[2025-09-14 21:28:11,839] Collected 768 article URLs so far (page 44/182)
[2025-09-14 21:28:15,733] Collected 786 article URLs so far (page 45/182)
[2025-09-14 21:28:19,496] Collected 803 article URLs so far (page 46/182)
[2025-09-14 21:28:23,004] Collected 821 article URLs so far (page 47/182)
[2025-09-14 21:28:26,504] Collected 838 article URLs so far (page 48/182)
[2025-09-14 21:28:29,746] Collected 856 article URLs so far (page 49/182)
[2025-09-14 21:28:32,783] Collected 873 article URLs so far (page 50/182)
[2025-09-14 21:28:36,146] Collected 891 article URLs so far (page 51/182)
[2025-09-14 21:28:39,171] Collected 908 article URLs so far (page 52/182)
[2025-09-14 21:28:42,179] Collected 926 article URLs so far (page 53/182)
[2025-09-14 21:28:45,454] Collected 943 article URLs so far (page 54/182)
[2025-09-14 21:28:48,540] Collected 961 article URLs so far (page 55/182)
[2025-09-14 21:28:51,892] Collected 971 article URLs so far (page 56/182)
[2025-09-14 21:28:55,116] Collected 971 article URLs so far (page 57/182)
[2025-09-14 21:28:58,141] Collected 971 article URLs so far (page 58/182)
[2025-09-14 21:29:01,111] Collected 971 article URLs so far (page 59/182)
[2025-09-14 21:29:04,552] Collected 971 article URLs so far (page 60/182)
[2025-09-14 21:29:07,600] Collected 971 article URLs so far (page 61/182)
[2025-09-14 21:29:10,686] Collected 971 article URLs so far (page 62/182)
[2025-09-14 21:29:14,062] Collected 971 article URLs so far (page 63/182)
[2025-09-14 21:29:17,545] Collected 971 article URLs so far (page 64/182)
[2025-09-14 21:29:21,011] Collected 971 article URLs so far (page 65/182)
[2025-09-14 21:29:24,448] Collected 971 article URLs so far (page 66/182)
[2025-09-14 21:29:28,044] Collected 971 article URLs so far (page 67/182)
[2025-09-14 21:29:31,511] Collected 971 article URLs so far (page 68/182)
[2025-09-14 21:29:34,857] Collected 971 article URLs so far (page 69/182)
[2025-09-14 21:29:37,962] Collected 971 article URLs so far (page 70/182)
[2025-09-14 21:29:41,090] Collected 971 article URLs so far (page 71/182)
[2025-09-14 21:29:44,098] Collected 971 article URLs so far (page 72/182)
[2025-09-14 21:29:47,194] Collected 971 article URLs so far (page 73/182)
[2025-09-14 21:29:50,609] Collected 971 article URLs so far (page 74/182)
[2025-09-14 21:29:54,050] Collected 971 article URLs so far (page 75/182)
[2025-09-14 21:29:57,584] Collected 971 article URLs so far (page 76/182)
[2025-09-14 21:30:01,082] Collected 971 article URLs so far (page 77/182)
[2025-09-14 21:30:04,530] Collected 971 article URLs so far (page 78/182)
[2025-09-14 21:30:08,242] Collected 971 article URLs so far (page 79/182)
[2025-09-14 21:30:11,803] Collected 971 article URLs so far (page 80/182)
[2025-09-14 21:30:15,374] Collected 971 article URLs so far (page 81/182)
[2025-09-14 21:30:18,880] Collected 971 article URLs so far (page 82/182)
[2025-09-14 21:30:22,349] Collected 971 article URLs so far (page 83/182)
[2025-09-14 21:30:26,115] Collected 971 article URLs so far (page 84/182)
[2025-09-14 21:30:30,201] Collected 971 article URLs so far (page 85/182)
[2025-09-14 21:30:33,391] Collected 971 article URLs so far (page 86/182)
[2025-09-14 21:30:36,509] Collected 971 article URLs so far (page 87/182)
[2025-09-14 21:30:39,952] Collected 971 article URLs so far (page 88/182)
[2025-09-14 21:30:43,629] Collected 971 article URLs so far (page 89/182)
[2025-09-14 21:30:47,011] Collected 971 article URLs so far (page 90/182)
[2025-09-14 21:30:50,493] Collected 971 article URLs so far (page 91/182)
[2025-09-14 21:30:54,428] Collected 971 article URLs so far (page 92/182)
[2025-09-14 21:30:57,833] Collected 971 article URLs so far (page 93/182)
[2025-09-14 21:31:01,337] Collected 971 article URLs so far (page 94/182)
[2025-09-14 21:31:04,977] Collected 971 article URLs so far (page 95/182)
[2025-09-14 21:31:08,440] Collected 971 article URLs so far (page 96/182)
[2025-09-14 21:31:12,297] Collected 971 article URLs so far (page 97/182)
[2025-09-14 21:31:15,305] Collected 971 article URLs so far (page 98/182)
[2025-09-14 21:31:18,336] Collected 971 article URLs so far (page 99/182)
[2025-09-14 21:31:21,328] Collected 971 article URLs so far (page 100/182)
[2025-09-14 21:31:24,387] Collected 971 article URLs so far (page 101/182)
[2025-09-14 21:31:27,440] Collected 971 article URLs so far (page 102/182)
[2025-09-14 21:31:30,542] Collected 971 article URLs so far (page 103/182)
[2025-09-14 21:31:33,574] Collected 971 article URLs so far (page 104/182)
[2025-09-14 21:31:36,542] Collected 971 article URLs so far (page 105/182)
[2025-09-14 21:31:39,622] Collected 971 article URLs so far (page 106/182)
[2025-09-14 21:31:42,708] Collected 971 article URLs so far (page 107/182)
[2025-09-14 21:31:45,800] Collected 971 article URLs so far (page 108/182)
[2025-09-14 21:31:48,818] Collected 971 article URLs so far (page 109/182)
[2025-09-14 21:31:51,861] Collected 971 article URLs so far (page 110/182)
[2025-09-14 21:31:54,848] Collected 971 article URLs so far (page 111/182)
[2025-09-14 21:31:57,968] Collected 971 article URLs so far (page 112/182)
[2025-09-14 21:32:01,025] Collected 971 article URLs so far (page 113/182)
[2025-09-14 21:32:04,517] Collected 971 article URLs so far (page 114/182)
[2025-09-14 21:32:07,983] Collected 971 article URLs so far (page 115/182)
[2025-09-14 21:32:11,136] Future exception was never retrieved
future: <Future finished exception=TargetClosedError('Target page, context or browser has been closed')>
playwright._impl._errors.TargetClosedError: Target page, context or browser has been closed
[2025-09-14 21:32:24,675] Collected 17 article URLs so far (page 1/56)
[2025-09-14 21:32:28,299] Collected 35 article URLs so far (page 2/56)
[2025-09-14 21:32:33,546] Collected 52 article URLs so far (page 3/56)
[2025-09-14 21:32:36,742] Collected 70 article URLs so far (page 4/56)
[2025-09-14 21:32:39,895] Collected 87 article URLs so far (page 5/56)
[2025-09-14 21:32:42,966] Collected 105 article URLs so far (page 6/56)
[2025-09-14 21:32:46,127] Collected 122 article URLs so far (page 7/56)
[2025-09-14 21:32:49,261] Collected 140 article URLs so far (page 8/56)
[2025-09-14 21:32:54,855] Collected 157 article URLs so far (page 9/56)
[2025-09-14 21:32:57,913] Collected 175 article URLs so far (page 10/56)
[2025-09-14 21:33:01,036] Collected 192 article URLs so far (page 11/56)
[2025-09-14 21:33:06,505] Collected 210 article URLs so far (page 12/56)
[2025-09-14 21:33:09,532] Collected 227 article URLs so far (page 13/56)
[2025-09-14 21:33:12,576] Collected 245 article URLs so far (page 14/56)
[2025-09-14 21:33:16,334] Collected 262 article URLs so far (page 15/56)
[2025-09-14 21:33:19,319] Collected 280 article URLs so far (page 16/56)
[2025-09-14 21:33:23,253] Collected 297 article URLs so far (page 17/56)
[2025-09-14 21:33:26,646] Collected 314 article URLs so far (page 18/56)
[2025-09-14 21:33:30,269] Collected 331 article URLs so far (page 19/56)
[2025-09-14 21:33:35,081] Collected 349 article URLs so far (page 20/56)
[2025-09-14 21:33:38,684] Collected 366 article URLs so far (page 21/56)
[2025-09-14 21:33:42,229] Collected 384 article URLs so far (page 22/56)
[2025-09-14 21:33:46,013] Collected 401 article URLs so far (page 23/56)
[2025-09-14 21:33:49,583] Collected 419 article URLs so far (page 24/56)
[2025-09-14 21:33:53,385] Collected 436 article URLs so far (page 25/56)
[2025-09-14 21:33:57,087] Collected 454 article URLs so far (page 26/56)
[2025-09-14 21:34:01,056] Collected 471 article URLs so far (page 27/56)
[2025-09-14 21:34:05,377] Collected 489 article URLs so far (page 28/56)
[2025-09-14 21:34:09,097] Collected 507 article URLs so far (page 29/56)
[2025-09-14 21:34:12,658] Collected 524 article URLs so far (page 30/56)
[2025-09-14 21:34:16,234] Collected 542 article URLs so far (page 31/56)
[2025-09-14 21:34:19,768] Collected 559 article URLs so far (page 32/56)
[2025-09-14 21:34:23,306] Collected 577 article URLs so far (page 33/56)
[2025-09-14 21:34:27,311] Collected 594 article URLs so far (page 34/56)
[2025-09-14 21:34:31,121] Collected 612 article URLs so far (page 35/56)
[2025-09-14 21:34:35,148] Collected 629 article URLs so far (page 36/56)
[2025-09-14 21:34:38,704] Collected 647 article URLs so far (page 37/56)
[2025-09-14 21:34:42,702] Collected 664 article URLs so far (page 38/56)
[2025-09-14 21:34:46,627] Collected 682 article URLs so far (page 39/56)
[2025-09-14 21:34:50,616] Collected 699 article URLs so far (page 40/56)
[2025-09-14 21:34:54,367] Collected 717 article URLs so far (page 41/56)
[2025-09-14 21:34:58,189] Collected 734 article URLs so far (page 42/56)
[2025-09-14 21:35:01,711] Collected 751 article URLs so far (page 43/56)
[2025-09-14 21:35:05,517] Collected 768 article URLs so far (page 44/56)
[2025-09-14 21:35:09,124] Collected 786 article URLs so far (page 45/56)
[2025-09-14 21:35:12,717] Collected 803 article URLs so far (page 46/56)
[2025-09-14 21:35:16,518] Collected 821 article URLs so far (page 47/56)
[2025-09-14 21:35:20,060] Collected 838 article URLs so far (page 48/56)
[2025-09-14 21:35:24,058] Collected 856 article URLs so far (page 49/56)
[2025-09-14 21:35:27,577] Collected 873 article URLs so far (page 50/56)
[2025-09-14 21:35:31,426] Collected 891 article URLs so far (page 51/56)
[2025-09-14 21:35:34,929] Collected 908 article URLs so far (page 52/56)
[2025-09-14 21:35:38,655] Collected 926 article URLs so far (page 53/56)
[2025-09-14 21:35:42,298] Collected 943 article URLs so far (page 54/56)
[2025-09-14 21:35:45,861] Collected 961 article URLs so far (page 55/56)
[2025-09-14 21:35:50,077] Collected 971 article URLs so far (page 56/56)
[2025-09-14 21:35:50,232] Found 971 article URLs. Starting download...
[2025-09-14 21:35:59,488] NO ARTICLE or too short for: https://www.intouch.org/read/articles/a-bridge-to-restoration
[2025-09-14 21:36:08,262] NO ARTICLE or too short for: https://www.intouch.org/read/articles/a-bright-forecast
[2025-09-14 21:36:18,508] NO ARTICLE or too short for: https://www.intouch.org/read/articles/a-community-of-hope
[2025-09-14 21:36:27,444] NO ARTICLE or too short for: https://www.intouch.org/read/articles/a-fools-errand
[2025-09-14 21:36:35,341] NO ARTICLE or too short for: https://www.intouch.org/read/articles/a-message-received
[2025-09-14 21:36:38,239] NO ARTICLE or too short for: https://www.intouch.org/read/articles/a-second-life
[2025-09-14 21:36:46,325] NO ARTICLE or too short for: https://www.intouch.org/read/articles/across-the-threshold
[2025-09-14 21:36:54,317] NO ARTICLE or too short for: https://www.intouch.org/read/articles/an-acquired-taste
[2025-09-14 21:37:02,124] NO ARTICLE or too short for: https://www.intouch.org/read/articles/an-advocate-for-children
[2025-09-14 21:37:09,960] NO ARTICLE or too short for: https://www.intouch.org/read/articles/an-instrument-of-peace
[2025-09-14 21:37:17,967] NO ARTICLE or too short for: https://www.intouch.org/read/articles/and-it-was-night
[2025-09-14 21:37:25,729] NO ARTICLE or too short for: https://www.intouch.org/read/articles/believing-and-understanding
[2025-09-14 21:37:35,758] NO ARTICLE or too short for: https://www.intouch.org/read/articles/bible-study-all-in-the-family
[2025-09-14 21:37:43,553] NO ARTICLE or too short for: https://www.intouch.org/read/articles/bible-study-blank-hope-and-love
[2025-09-14 21:37:51,497] NO ARTICLE or too short for: https://www.intouch.org/read/articles/bible-study-drinking-salvation
[2025-09-14 21:37:58,436] NO ARTICLE or too short for: https://www.intouch.org/read/articles/bible-study-finding-sanctuary
[2025-09-14 21:38:07,569] NO ARTICLE or too short for: https://www.intouch.org/read/articles/bible-study-on-a-high-note
[2025-09-14 21:38:15,368] NO ARTICLE or too short for: https://www.intouch.org/read/articles/bible-study-shelter-in-love
[2025-09-14 21:38:24,325] NO ARTICLE or too short for: https://www.intouch.org/read/articles/calling-on-god
[2025-09-14 21:38:32,644] NO ARTICLE or too short for: https://www.intouch.org/read/articles/can-we-laugh-for-joy-with-god
[2025-09-14 21:38:39,230] Future exception was never retrieved
future: <Future finished exception=TargetClosedError('Target page, context or browser has been closed')>
playwright._impl._errors.TargetClosedError: Target page, context or browser has been closed
[2025-09-14 21:38:39,231] Future exception was never retrieved
future: <Future finished exception=TargetClosedError('Target page, context or browser has been closed')>
playwright._impl._errors.TargetClosedError: Target page, context or browser has been closed
[2025-09-14 21:46:08,287] Collected 17 article URLs so far (page 1/56)
[2025-09-14 21:46:13,209] Collected 35 article URLs so far (page 2/56)
[2025-09-14 21:46:16,731] Collected 52 article URLs so far (page 3/56)
[2025-09-14 21:46:20,033] Collected 70 article URLs so far (page 4/56)
[2025-09-14 21:46:23,316] Collected 87 article URLs so far (page 5/56)
[2025-09-14 21:46:27,016] Collected 105 article URLs so far (page 6/56)
[2025-09-14 21:46:30,236] Collected 122 article URLs so far (page 7/56)
[2025-09-14 21:46:33,512] Collected 140 article URLs so far (page 8/56)
[2025-09-14 21:46:39,081] Collected 157 article URLs so far (page 9/56)
[2025-09-14 21:46:42,261] Collected 175 article URLs so far (page 10/56)
[2025-09-14 21:46:45,352] Collected 192 article URLs so far (page 11/56)
[2025-09-14 21:46:48,785] Collected 210 article URLs so far (page 12/56)
[2025-09-14 21:46:51,812] Collected 227 article URLs so far (page 13/56)
[2025-09-14 21:46:54,976] Collected 245 article URLs so far (page 14/56)
[2025-09-14 21:46:58,522] Collected 262 article URLs so far (page 15/56)
[2025-09-14 21:47:01,513] Collected 280 article URLs so far (page 16/56)
[2025-09-14 21:47:05,013] Collected 297 article URLs so far (page 17/56)
[2025-09-14 21:47:08,198] Collected 314 article URLs so far (page 18/56)
[2025-09-14 21:47:11,361] Collected 331 article URLs so far (page 19/56)
[2025-09-14 21:47:14,526] Collected 349 article URLs so far (page 20/56)
[2025-09-14 21:47:18,543] Collected 366 article URLs so far (page 21/56)
[2025-09-14 21:47:21,724] Collected 384 article URLs so far (page 22/56)
[2025-09-14 21:47:25,389] Collected 401 article URLs so far (page 23/56)
[2025-09-14 21:47:28,551] Collected 419 article URLs so far (page 24/56)
[2025-09-14 21:47:32,262] Collected 436 article URLs so far (page 25/56)
[2025-09-14 21:47:35,439] Collected 454 article URLs so far (page 26/56)
[2025-09-14 21:47:38,935] Collected 471 article URLs so far (page 27/56)
[2025-09-14 21:47:42,280] Collected 489 article URLs so far (page 28/56)
[2025-09-14 21:47:45,524] Collected 507 article URLs so far (page 29/56)
[2025-09-14 21:47:48,675] Collected 524 article URLs so far (page 30/56)
[2025-09-14 21:47:52,123] Collected 542 article URLs so far (page 31/56)
[2025-09-14 21:47:55,779] Collected 559 article URLs so far (page 32/56)
[2025-09-14 21:48:00,640] Collected 577 article URLs so far (page 33/56)
[2025-09-14 21:48:04,618] Collected 594 article URLs so far (page 34/56)
[2025-09-14 21:48:08,304] Collected 612 article URLs so far (page 35/56)
[2025-09-14 21:48:11,588] Collected 629 article URLs so far (page 36/56)
[2025-09-14 21:48:14,898] Collected 647 article URLs so far (page 37/56)
[2025-09-14 21:48:18,240] Collected 664 article URLs so far (page 38/56)
[2025-09-14 21:48:21,579] Collected 682 article URLs so far (page 39/56)
[2025-09-14 21:48:24,897] Collected 699 article URLs so far (page 40/56)
[2025-09-14 21:48:28,280] Collected 717 article URLs so far (page 41/56)
[2025-09-14 21:48:31,770] Collected 734 article URLs so far (page 42/56)
[2025-09-14 21:48:35,529] Collected 751 article URLs so far (page 43/56)
[2025-09-14 21:48:38,869] Collected 768 article URLs so far (page 44/56)
[2025-09-14 21:48:42,106] Collected 786 article URLs so far (page 45/56)
[2025-09-14 21:48:45,252] Collected 803 article URLs so far (page 46/56)
[2025-09-14 21:48:48,436] Collected 821 article URLs so far (page 47/56)
[2025-09-14 21:48:51,631] Collected 838 article URLs so far (page 48/56)
[2025-09-14 21:48:54,820] Collected 856 article URLs so far (page 49/56)
[2025-09-14 21:48:58,384] Collected 873 article URLs so far (page 50/56)
[2025-09-14 21:49:01,814] Collected 891 article URLs so far (page 51/56)
[2025-09-14 21:49:05,270] Collected 908 article URLs so far (page 52/56)
[2025-09-14 21:49:08,943] Collected 926 article URLs so far (page 53/56)
[2025-09-14 21:49:12,260] Collected 943 article URLs so far (page 54/56)
[2025-09-14 21:49:15,461] Collected 961 article URLs so far (page 55/56)
[2025-09-14 21:49:18,614] Collected 971 article URLs so far (page 56/56)
[2025-09-14 21:49:18,747] Found 971 article URLs. Starting download...
[2025-09-14 21:49:27,583] [1/971] Saved: Read (, 208 words)
[2025-09-14 21:49:36,091] [2/971] Saved: Read (, 283 words)
[2025-09-14 21:49:45,740] [3/971] Saved: Read (, 183 words)
[2025-09-14 21:49:54,918] [4/971] Saved: Read (, 1819 words)
[2025-09-14 21:50:06,188] Future exception was never retrieved
future: <Future finished exception=TargetClosedError('Target page, context or browser has been closed')>
playwright._impl._errors.TargetClosedError: Target page, context or browser has been closed
[2025-09-14 21:50:06,189] Future exception was never retrieved
future: <Future finished exception=TargetClosedError('Target page, context or browser has been closed')>
playwright._impl._errors.TargetClosedError: Target page, context or browser has been closed
[2025-09-14 21:53:43,702] Collected 17 article URLs so far (page 1/56)
[2025-09-14 21:53:47,041] Collected 35 article URLs so far (page 2/56)
[2025-09-14 21:53:50,356] Collected 52 article URLs so far (page 3/56)
[2025-09-14 21:53:53,676] Collected 70 article URLs so far (page 4/56)
[2025-09-14 21:53:56,997] Collected 87 article URLs so far (page 5/56)
[2025-09-14 21:54:00,331] Collected 105 article URLs so far (page 6/56)
[2025-09-14 21:54:03,992] Collected 122 article URLs so far (page 7/56)
[2025-09-14 21:54:07,545] Collected 140 article URLs so far (page 8/56)
[2025-09-14 21:54:11,190] Collected 157 article URLs so far (page 9/56)
[2025-09-14 21:54:14,931] Collected 175 article URLs so far (page 10/56)
[2025-09-14 21:54:21,177] Collected 192 article URLs so far (page 11/56)
[2025-09-14 21:54:24,562] Collected 210 article URLs so far (page 12/56)
[2025-09-14 21:54:27,928] Collected 227 article URLs so far (page 13/56)
[2025-09-14 21:54:31,027] Collected 245 article URLs so far (page 14/56)
[2025-09-14 21:54:34,398] Collected 262 article URLs so far (page 15/56)
[2025-09-14 21:54:37,765] Collected 280 article URLs so far (page 16/56)
[2025-09-14 21:54:41,260] Collected 297 article URLs so far (page 17/56)
[2025-09-14 21:54:44,649] Collected 314 article URLs so far (page 18/56)
[2025-09-14 21:54:47,877] Collected 331 article URLs so far (page 19/56)
[2025-09-14 21:54:51,206] Collected 349 article URLs so far (page 20/56)
[2025-09-14 21:54:54,495] Collected 366 article URLs so far (page 21/56)
[2025-09-14 21:54:57,835] Collected 384 article URLs so far (page 22/56)
[2025-09-14 21:55:01,248] Collected 401 article URLs so far (page 23/56)
[2025-09-14 21:55:04,616] Collected 419 article URLs so far (page 24/56)
[2025-09-14 21:55:07,957] Collected 436 article URLs so far (page 25/56)
[2025-09-14 21:55:11,241] Collected 454 article URLs so far (page 26/56)
[2025-09-14 21:55:14,766] Collected 471 article URLs so far (page 27/56)
[2025-09-14 21:55:18,015] Collected 489 article URLs so far (page 28/56)
[2025-09-14 21:55:21,287] Collected 507 article URLs so far (page 29/56)
[2025-09-14 21:55:24,524] Collected 524 article URLs so far (page 30/56)
[2025-09-14 21:55:28,042] Collected 542 article URLs so far (page 31/56)
[2025-09-14 21:55:31,303] Collected 559 article URLs so far (page 32/56)
[2025-09-14 21:55:34,779] Collected 577 article URLs so far (page 33/56)
[2025-09-14 21:55:37,981] Collected 594 article URLs so far (page 34/56)
[2025-09-14 21:55:41,299] Collected 612 article URLs so far (page 35/56)
[2025-09-14 21:55:44,700] Collected 629 article URLs so far (page 36/56)
[2025-09-14 21:55:47,974] Collected 647 article URLs so far (page 37/56)
[2025-09-14 21:55:51,540] Collected 664 article URLs so far (page 38/56)
[2025-09-14 21:55:54,845] Collected 682 article URLs so far (page 39/56)
[2025-09-14 21:55:58,051] Collected 699 article URLs so far (page 40/56)
[2025-09-14 21:56:01,188] Collected 717 article URLs so far (page 41/56)
[2025-09-14 21:56:04,474] Collected 734 article URLs so far (page 42/56)
[2025-09-14 21:56:07,615] Collected 751 article URLs so far (page 43/56)
[2025-09-14 21:56:10,824] Collected 768 article URLs so far (page 44/56)
[2025-09-14 21:56:14,035] Collected 786 article URLs so far (page 45/56)
[2025-09-14 21:56:17,334] Collected 803 article URLs so far (page 46/56)
[2025-09-14 21:56:20,702] Collected 821 article URLs so far (page 47/56)
[2025-09-14 21:56:23,993] Collected 838 article URLs so far (page 48/56)
[2025-09-14 21:56:27,203] Collected 856 article URLs so far (page 49/56)
[2025-09-14 21:56:30,487] Collected 873 article URLs so far (page 50/56)
[2025-09-14 21:56:34,380] Collected 891 article URLs so far (page 51/56)
[2025-09-14 21:56:37,634] Collected 908 article URLs so far (page 52/56)
[2025-09-14 21:56:41,011] Collected 926 article URLs so far (page 53/56)
[2025-09-14 21:56:44,330] Collected 943 article URLs so far (page 54/56)
[2025-09-14 21:56:47,558] Collected 961 article URLs so far (page 55/56)
[2025-09-14 21:56:50,824] Collected 971 article URLs so far (page 56/56)
[2025-09-14 21:56:50,975] Found 971 article URLs. Starting download...
[2025-09-14 21:56:59,569] [1/971] Saved: Read (A Bridge to Restoration, 204 words)
[2025-09-14 21:57:08,099] [2/971] Saved: Read (A Bright Forecast, 283 words)
[2025-09-14 21:57:18,740] [3/971] Saved: Read (A Community of Hope, 183 words)
[2025-09-14 21:57:27,276] [4/971] Saved: Read (A Fool’s Errand, 1819 words)
[2025-09-14 21:57:36,592] [5/971] Saved: Read (A Message Received, 229 words)
[2025-09-14 21:57:50,404] NO ARTICLE or too short for: https://www.intouch.org/read/articles/a-second-life
[2025-09-14 21:57:59,897] [7/971] Saved: Read (Across the Threshold, 1232 words)
[2025-09-14 21:58:10,855] [8/971] Saved: Read (An Acquired Taste, 1170 words)
[2025-09-14 21:58:20,169] [9/971] Saved: Read (An Advocate for Children, 229 words)
[2025-09-14 21:58:30,408] [10/971] Saved: Read (An Instrument of Peace, 1184 words)
[2025-09-14 21:58:41,658] [11/971] Saved: Read (And It Was Night, 1363 words)
[2025-09-14 21:58:50,579] [12/971] Saved: Read (Believing and Understanding, 311 words)
[2025-09-14 21:59:01,033] [13/971] Saved: Read (Bible Study: All in the Family, 903 words)
[2025-09-14 21:59:09,733] [14/971] Saved: Read (Bible Study: _____, Hope, and Love, 890 words)
[2025-09-14 21:59:18,074] [15/971] Saved: Read (Bible Study: Drinking Salvation, 832 words)
[2025-09-14 21:59:27,693] [16/971] Saved: Read (Bible Study: Finding Sanctuary, 858 words)
[2025-09-14 21:59:37,984] [17/971] Saved: Read (Bible Study: On a High Note, 860 words)
[2025-09-14 21:59:47,812] [18/971] Saved: Read (Bible Study: Shelter in Love, 850 words)
[2025-09-14 21:59:57,990] [19/971] Saved: Read (Calling on God, 635 words)
[2025-09-14 22:00:08,291] [20/971] Saved: Read (Can We Laugh for Joy With God?, 646 words)
[2025-09-14 22:00:18,746] [21/971] Saved: Read (Desperate for a Sign, 1126 words)
[2025-09-14 22:00:27,696] [22/971] Saved: Read (Divine in the Twilight, 1785 words)
[2025-09-14 22:00:37,421] [23/971] Saved: Read (Do Not Worry About Your Life, 646 words)
[2025-09-14 22:00:47,323] [24/971] Saved: Read (Do You Understand What You’re Reading?, 614 words)
[2025-09-14 22:00:57,486] [25/971] Saved: Read (Dreaming Beyond the Life I Knew, 1060 words)
[2025-09-14 22:01:08,935] [26/971] Saved: Read (Echoes Into Eternity, 328 words)
[2025-09-14 22:01:17,547] [27/971] Saved: Read (Enjoying Life Isn’t a Sin, 833 words)
[2025-09-14 22:01:27,489] [28/971] Saved: Read (Faith Grows Outdoors, 931 words)
[2025-09-14 22:01:36,545] [29/971] Saved: Read (Faith, Hope, and a Broken-down Minivan, 776 words)
[2025-09-14 22:01:45,765] [30/971] Saved: Read (Faithful Father, 1538 words)
[2025-09-14 22:01:54,566] [31/971] Saved: Read (For Such a Time as This, 596 words)
[2025-09-14 22:02:05,147] [32/971] Saved: Read (For the Troubled Heart, 1388 words)
[2025-09-14 22:02:14,471] [33/971] Saved: Read (Forget Me, 1031 words)
[2025-09-14 22:02:22,519] [34/971] Saved: Read (From the Upper Room, 1171 words)
[2025-09-14 22:02:32,399] [35/971] Saved: Read (Fulfilling the Deepest Longing, 319 words)
[2025-09-14 22:02:42,396] [36/971] Saved: Read (Give Your Pastor a Break, 1436 words)
[2025-09-14 22:02:51,888] [37/971] Saved: Read (God Clothes Us in Beauty, 614 words)
[2025-09-14 22:03:01,318] [38/971] Saved: Read (God Made Us Gardeners, 844 words)
[2025-09-14 22:03:11,407] [39/971] Saved: Read (God’s Relentless Kindness, 631 words)
[2025-09-14 22:03:20,620] [40/971] Saved: Read (Growing Into God's Word, 1118 words)
[2025-09-14 22:03:31,192] [41/971] Saved: Read (Hearts Filled with Joy, 2077 words)
[2025-09-14 22:03:39,471] [42/971] Saved: Read (How Do I Live with My Mother-in-Law?, 1165 words)
[2025-09-14 22:03:47,898] [43/971] Saved: Read (How I Survived Death (And Will Again), 1144 words)
[2025-09-14 22:03:56,539] [44/971] Saved: Read (How to Address Idols in Your Life (And Yes, We All Have Them), 2013 words)
[2025-09-14 22:04:04,793] [45/971] Saved: Read (How to Be Still in the 21st Century, 1965 words)
[2025-09-14 22:04:14,828] [46/971] Saved: Read (How to Confess Sin Without Beating Yourself Up, 2122 words)
[2025-09-14 22:04:33,493] [47/971] Saved: Read (How to Create Like Your Creator, 2077 words)
[2025-09-14 22:04:42,756] [48/971] Saved: Read (How to Disagree and Be Better For It, 2070 words)
[2025-09-14 22:04:52,963] [49/971] Saved: Read (How to Feast on Scripture, 2328 words)
[2025-09-14 22:05:02,826] [50/971] Saved: Read (How To Forgive Someone Who’s No Longer Around, 2149 words)
[2025-09-14 22:05:11,651] [51/971] Saved: Read (How to Get More Out of Church, 1795 words)
[2025-09-14 22:05:20,628] [52/971] Saved: Read (How to Handle the Complicated Relationships in Your Life, 1754 words)
[2025-09-14 22:05:32,137] [53/971] Saved: Read (How to Have a Conversation That Matters, 1755 words)
[2025-09-14 22:05:41,486] [54/971] Saved: Read (How to Have Quiet Time When Life Isn’t Quiet, 1696 words)
[2025-09-14 22:05:52,239] [55/971] Saved: Read (How to Leave a Church (When You Know It’s Time), 1685 words)
[2025-09-14 22:06:01,962] [56/971] Saved: Read (How to Love Your Frenemy (and Your Enemy, Too), 1839 words)
[2025-09-14 22:06:11,415] [57/971] Saved: Read (How to Mind Your Business, 2209 words)
[2025-09-14 22:06:20,093] [58/971] Saved: Read (How to Pray When You Can’t Pray, 1238 words)
[2025-09-14 22:06:29,684] [59/971] Saved: Read (How to Say “No” and Make Space for “Yes”, 2005 words)
[2025-09-14 22:06:40,663] [60/971] Saved: Read (How to Show Up for Your Grieving Friend, 2341 words)
[2025-09-14 22:06:50,188] [61/971] Saved: Read (How to Start Fasting (And Actually Keep It Up), 2463 words)
[2025-09-14 22:06:59,174] [62/971] Saved: Read (How to Survive Election Season, 2125 words)
[2025-09-14 22:07:09,014] [63/971] Saved: Read (In Chains for the Lord, 609 words)
[2025-09-14 22:07:17,969] [64/971] Saved: Read (In-Flight Servant, 318 words)
[2025-09-14 22:07:26,712] [65/971] Saved: Read (In Wild and Wicked Places, 788 words)
[2025-09-14 22:07:36,974] [66/971] Saved: Read (Is Resentment Really Worth It?, 1243 words)
[2025-09-14 22:07:46,395] [67/971] Saved: Read (Is Restlessness a Sin?, 911 words)
[2025-09-14 22:07:56,436] [68/971] Saved: Read (Just Pass the Broccoli, 1743 words)
[2025-09-14 22:08:06,831] [69/971] Saved: Read (Learning to Love Like Christ, 1265 words)
[2025-09-14 22:08:15,533] [70/971] Saved: Read (Lessons From Silence, 1212 words)
[2025-09-14 22:08:25,812] [71/971] Saved: Read (Let All God’s People Say “Amen”, 1411 words)
[2025-09-14 22:08:33,969] [72/971] Saved: Read (Let God Change Your Mind, 1796 words)
[2025-09-14 22:08:43,420] [73/971] Saved: Read (Let God Stretch What You Have, 612 words)
[2025-09-14 22:08:53,936] Future exception was never retrieved
future: <Future finished exception=TargetClosedError('Target page, context or browser has been closed')>
playwright._impl._errors.TargetClosedError: Target page, context or browser has been closed
[2025-09-14 22:08:53,937] Future exception was never retrieved
future: <Future finished exception=TargetClosedError('Target page, context or browser has been closed')>
playwright._impl._errors.TargetClosedError: Target page, context or browser has been closed
